<?xml version="1.0" encoding="UTF-8"?>
<!-- Generated by org.testng.reporters.JUnitReportReporter -->
<testsuite skipped="0" hostname="PERFIOS-HW-078" name="fisdomQA.SearchBookingById" tests="1" failures="0" timestamp="23 Apr 2020 15:59:39 GMT" time="2.946" errors="0">
  <testcase name="getBookingById" time="2.946" classname="fisdomQA.SearchBookingById"/>
</testsuite> <!-- fisdomQA.SearchBookingById -->
