<?xml version="1.0" encoding="UTF-8"?>
<!-- Generated by org.testng.reporters.JUnitReportReporter -->
<testsuite skipped="0" hostname="PERFIOS-HW-078" name="fisdomQA.CreateBooking_Data" tests="5" failures="0" timestamp="23 Apr 2020 15:59:39 GMT" time="6.214" errors="0">
  <testcase name="createBooking" time="1.207" classname="fisdomQA.CreateBooking_Data"/>
  <testcase name="createBooking" time="1.239" classname="fisdomQA.CreateBooking_Data"/>
  <testcase name="createBooking" time="1.311" classname="fisdomQA.CreateBooking_Data"/>
  <testcase name="createBooking" time="1.225" classname="fisdomQA.CreateBooking_Data"/>
  <testcase name="createBooking" time="1.232" classname="fisdomQA.CreateBooking_Data"/>
</testsuite> <!-- fisdomQA.CreateBooking_Data -->
