<?xml version="1.0" encoding="UTF-8"?>
<!-- Generated by org.testng.reporters.JUnitReportReporter -->
<testsuite skipped="5" hostname="PERFIOS-HW-078" name="fisdomQA.Booking" tests="6" failures="0" timestamp="22 Apr 2020 20:27:13 GMT" time="5.177" errors="0">
  <testcase name="partialUpdateBooking" time="5.177" classname="fisdomQA.Booking"/>
  <testcase name="getBookingById" classname="fisdomQA.Booking">
    <skipped/>
  </testcase> <!-- getBookingById -->
  <testcase name="updateBooking" classname="fisdomQA.Booking">
    <skipped/>
  </testcase> <!-- updateBooking -->
  <testcase name="creatBooking" classname="fisdomQA.Booking">
    <skipped/>
  </testcase> <!-- creatBooking -->
  <testcase name="createToken" classname="fisdomQA.Booking">
    <skipped/>
  </testcase> <!-- createToken -->
  <testcase name="getBookingByName" classname="fisdomQA.Booking">
    <skipped/>
  </testcase> <!-- getBookingByName -->
</testsuite> <!-- fisdomQA.Booking -->
