<?xml version="1.0" encoding="UTF-8"?>
<!-- Generated by org.testng.reporters.JUnitReportReporter -->
<testsuite skipped="0" hostname="PERFIOS-HW-078" name="fisdomQA.UpdateBooking" tests="1" failures="0" timestamp="23 Apr 2020 15:59:39 GMT" time="3.761" errors="0">
  <testcase name="updateBooking" time="3.761" classname="fisdomQA.UpdateBooking"/>
</testsuite> <!-- fisdomQA.UpdateBooking -->
