<?xml version="1.0" encoding="UTF-8"?>
<!-- Generated by org.testng.reporters.JUnitReportReporter -->
<testsuite skipped="0" hostname="PERFIOS-HW-078" name="fisdomQA.CreateBooking" tests="1" failures="0" timestamp="23 Apr 2020 15:59:39 GMT" time="2.932" errors="0">
  <testcase name="createBooking" time="2.932" classname="fisdomQA.CreateBooking"/>
</testsuite> <!-- fisdomQA.CreateBooking -->
